<?xml version="1.0" encoding="UTF-8"?>
<!-- Generated by org.testng.reporters.JUnitXMLReporter -->
<testsuite ignored="0" hostname="Siless-MacBook-Pro.local" failures="0" tests="2" name="Device connection" time="0.59" errors="0" timestamp="2023-03-29T15:38:25 PDT">
  <testcase classname="co.android.tests.ConnectivityTest" name="checkIfDashboardIsVisible" time="0.51"/>
  <testcase classname="co.android.tests.ConnectivityTest" name="validateDashboardTilte" time="0.059"/>
</testsuite> <!-- Device connection -->
