<?xml version="1.0" encoding="UTF-8"?>
<!-- Generated by org.testng.reporters.JUnitXMLReporter -->
<testsuite ignored="0" hostname="Siless-MacBook-Pro.local" failures="0" tests="3" name="Device connection" time="0.758" errors="0" timestamp="2023-04-26T14:44:49 PDT">
  <testcase classname="co.android.tests.ConnectivityTest" name="checkIfDashboardIsVisible" time="0.452"/>
  <testcase classname="co.android.tests.ConnectivityTest" name="scanningQRTest" time="0.18"/>
  <testcase classname="co.android.tests.ConnectivityTest" name="validateDashboardTilte" time="0.108"/>
</testsuite> <!-- Device connection -->
