<?xml version="1.0" encoding="UTF-8"?>
<testng-results ignored="0" total="2" passed="2" failed="0" skipped="0">
  <reporter-output>
    <line>
      <![CDATA[Completed checking the title]]>
    </line>
  </reporter-output>
  <suite started-at="2023-03-29T15:38:19 PDT" name="Android automation with Appium in Java" finished-at="2023-03-29T15:38:20 PDT" duration-ms="590">
    <groups>
    </groups>
    <test started-at="2023-03-29T15:38:19 PDT" name="Device connection" finished-at="2023-03-29T15:38:20 PDT" duration-ms="590">
      <class name="co.android.tests.ConnectivityTest">
        <test-method signature="checkIfDashboardIsVisible()[pri:0, instance:co.android.tests.ConnectivityTest@88d6f9b]" started-at="2023-03-29T15:38:19 PDT" name="checkIfDashboardIsVisible" finished-at="2023-03-29T15:38:20 PDT" duration-ms="510" status="PASS">
          <reporter-output>
          </reporter-output>
        </test-method> <!-- checkIfDashboardIsVisible -->
        <test-method signature="validateDashboardTilte()[pri:0, instance:co.android.tests.ConnectivityTest@88d6f9b]" started-at="2023-03-29T15:38:20 PDT" name="validateDashboardTilte" finished-at="2023-03-29T15:38:20 PDT" duration-ms="59" status="PASS">
          <reporter-output>
            <line>
              <![CDATA[Completed checking the title]]>
            </line>
          </reporter-output>
        </test-method> <!-- validateDashboardTilte -->
        <test-method is-config="true" signature="CleanUp()[pri:0, instance:co.android.tests.ConnectivityTest@88d6f9b]" started-at="2023-03-29T15:38:25 PDT" name="CleanUp" finished-at="2023-03-29T15:38:25 PDT" duration-ms="332" status="PASS">
          <reporter-output>
          </reporter-output>
        </test-method> <!-- CleanUp -->
      </class> <!-- co.android.tests.ConnectivityTest -->
    </test> <!-- Device connection -->
  </suite> <!-- Android automation with Appium in Java -->
</testng-results>
