<?xml version="1.0" encoding="UTF-8"?>
<testng-results ignored="0" total="3" passed="3" failed="0" skipped="0">
  <reporter-output>
    <line>
      <![CDATA[Completed checking the title]]>
    </line>
  </reporter-output>
  <suite started-at="2023-04-26T14:44:43 PDT" name="Android automation with Appium in Java" finished-at="2023-04-26T14:44:44 PDT" duration-ms="758">
    <groups>
    </groups>
    <test started-at="2023-04-26T14:44:43 PDT" name="Device connection" finished-at="2023-04-26T14:44:44 PDT" duration-ms="758">
      <class name="co.android.tests.ConnectivityTest">
        <test-method signature="checkIfDashboardIsVisible()[pri:0, instance:co.android.tests.ConnectivityTest@475b7792]" started-at="2023-04-26T14:44:43 PDT" name="checkIfDashboardIsVisible" finished-at="2023-04-26T14:44:43 PDT" duration-ms="452" status="PASS">
          <reporter-output>
          </reporter-output>
        </test-method> <!-- checkIfDashboardIsVisible -->
        <test-method signature="scanningQRTest()[pri:0, instance:co.android.tests.ConnectivityTest@475b7792]" started-at="2023-04-26T14:44:43 PDT" name="scanningQRTest" finished-at="2023-04-26T14:44:44 PDT" duration-ms="180" status="PASS">
          <reporter-output>
          </reporter-output>
        </test-method> <!-- scanningQRTest -->
        <test-method signature="validateDashboardTilte()[pri:0, instance:co.android.tests.ConnectivityTest@475b7792]" started-at="2023-04-26T14:44:44 PDT" name="validateDashboardTilte" finished-at="2023-04-26T14:44:44 PDT" duration-ms="108" status="PASS">
          <reporter-output>
            <line>
              <![CDATA[Completed checking the title]]>
            </line>
          </reporter-output>
        </test-method> <!-- validateDashboardTilte -->
        <test-method is-config="true" signature="CleanUp()[pri:0, instance:co.android.tests.ConnectivityTest@475b7792]" started-at="2023-04-26T14:44:49 PDT" name="CleanUp" finished-at="2023-04-26T14:44:49 PDT" duration-ms="337" status="PASS">
          <reporter-output>
          </reporter-output>
        </test-method> <!-- CleanUp -->
      </class> <!-- co.android.tests.ConnectivityTest -->
    </test> <!-- Device connection -->
  </suite> <!-- Android automation with Appium in Java -->
</testng-results>
